<?xml version="1.0" encoding="UTF-8"?>
<testsuite name="com.leebe.springboot.web.dto.HelloResponseDtoTest" tests="1" skipped="0" failures="0" errors="0" timestamp="2020-10-12T13:38:48" hostname="DESKTOP-M0J1AK4" time="0.006">
  <properties/>
  <testcase name="롬복_기능_테스트" classname="com.leebe.springboot.web.dto.HelloResponseDtoTest" time="0.006"/>
  <system-out><![CDATA[]]></system-out>
  <system-err><![CDATA[]]></system-err>
</testsuite>
