<?xml version="1.0" encoding="UTF-8"?>
<testsuite name="com.leebe.springboot.web.IndexControllerTest" tests="1" skipped="0" failures="0" errors="0" timestamp="2020-10-12T13:38:47" hostname="DESKTOP-M0J1AK4" time="0.504">
  <properties/>
  <testcase name="메인페이지_로딩" classname="com.leebe.springboot.web.IndexControllerTest" time="0.504"/>
  <system-out><![CDATA[2020-10-12 22:38:42.152  INFO 28624 --- [    Test worker] .b.t.c.SpringBootTestContextBootstrapper : Neither @ContextConfiguration nor @ContextHierarchy found for test class [com.leebe.springboot.web.IndexControllerTest], using SpringBootContextLoader
2020-10-12 22:38:42.154  INFO 28624 --- [    Test worker] o.s.t.c.support.AbstractContextLoader    : Could not detect default resource locations for test class [com.leebe.springboot.web.IndexControllerTest]: no resource found for suffixes {-context.xml, Context.groovy}.
2020-10-12 22:38:42.154  INFO 28624 --- [    Test worker] t.c.s.AnnotationConfigContextLoaderUtils : Could not detect default configuration classes for test class [com.leebe.springboot.web.IndexControllerTest]: IndexControllerTest does not declare any static, non-private, non-final, nested classes annotated with @Configuration.
2020-10-12 22:38:42.174  INFO 28624 --- [    Test worker] .b.t.c.SpringBootTestContextBootstrapper : Found @SpringBootConfiguration com.leebe.springboot.Application for test class com.leebe.springboot.web.IndexControllerTest
2020-10-12 22:38:42.177  INFO 28624 --- [    Test worker] .b.t.c.SpringBootTestContextBootstrapper : Loaded default TestExecutionListener class names from location [META-INF/spring.factories]: [org.springframework.security.test.context.support.WithSecurityContextTestExecutionListener, org.springframework.security.test.context.support.ReactorContextTestExecutionListener, org.springframework.boot.test.autoconfigure.restdocs.RestDocsTestExecutionListener, org.springframework.boot.test.autoconfigure.web.client.MockRestServiceServerResetTestExecutionListener, org.springframework.boot.test.autoconfigure.web.servlet.MockMvcPrintOnlyOnFailureTestExecutionListener, org.springframework.boot.test.autoconfigure.web.servlet.WebDriverTestExecutionListener, org.springframework.boot.test.mock.mockito.MockitoTestExecutionListener, org.springframework.boot.test.mock.mockito.ResetMocksTestExecutionListener, org.springframework.test.context.web.ServletTestExecutionListener, org.springframework.test.context.support.DirtiesContextBeforeModesTestExecutionListener, org.springframework.test.context.support.DependencyInjectionTestExecutionListener, org.springframework.test.context.support.DirtiesContextTestExecutionListener, org.springframework.test.context.transaction.TransactionalTestExecutionListener, org.springframework.test.context.jdbc.SqlScriptsTestExecutionListener]
2020-10-12 22:38:42.180  INFO 28624 --- [    Test worker] .b.t.c.SpringBootTestContextBootstrapper : Using TestExecutionListeners: [org.springframework.test.context.web.ServletTestExecutionListener@41a88afc, org.springframework.test.context.support.DirtiesContextBeforeModesTestExecutionListener@51ff6769, org.springframework.boot.test.mock.mockito.MockitoTestExecutionListener@777aa4d7, org.springframework.boot.test.autoconfigure.SpringBootDependencyInjectionTestExecutionListener@253a39f0, org.springframework.test.context.support.DirtiesContextTestExecutionListener@2040b8c1, org.springframework.test.context.transaction.TransactionalTestExecutionListener@aae578f, org.springframework.test.context.jdbc.SqlScriptsTestExecutionListener@28d01611, org.springframework.security.test.context.support.WithSecurityContextTestExecutionListener@5c515f42, org.springframework.security.test.context.support.ReactorContextTestExecutionListener@79f262b9, org.springframework.boot.test.autoconfigure.restdocs.RestDocsTestExecutionListener@1985027, org.springframework.boot.test.autoconfigure.web.client.MockRestServiceServerResetTestExecutionListener@2950ae9b, org.springframework.boot.test.autoconfigure.web.servlet.MockMvcPrintOnlyOnFailureTestExecutionListener@7f2d5fbc, org.springframework.boot.test.autoconfigure.web.servlet.WebDriverTestExecutionListener@15201d4a, org.springframework.boot.test.mock.mockito.ResetMocksTestExecutionListener@56fa7ea1]

  .   ____          _            __ _ _
 /\\ / ___'_ __ _ _(_)_ __  __ _ \ \ \ \
( ( )\___ | '_ | '_| | '_ \/ _` | \ \ \ \
 \\/  ___)| |_)| | | | | || (_| |  ) ) ) )
  '  |____| .__|_| |_|_| |_\__, | / / / /
 =========|_|==============|___/=/_/_/_/
 :: Spring Boot ::        (v2.1.7.RELEASE)

2020-10-12 22:38:42.393  INFO 28624 --- [    Test worker] c.l.springboot.web.IndexControllerTest   : Starting IndexControllerTest on DESKTOP-M0J1AK4 with PID 28624 (started by DAHYE HAN in C:\workspace)
2020-10-12 22:38:42.393  INFO 28624 --- [    Test worker] c.l.springboot.web.IndexControllerTest   : The following profiles are active: oauth
2020-10-12 22:38:42.947  INFO 28624 --- [    Test worker] .s.d.r.c.RepositoryConfigurationDelegate : Bootstrapping Spring Data repositories in DEFAULT mode.
2020-10-12 22:38:43.022  INFO 28624 --- [    Test worker] .s.d.r.c.RepositoryConfigurationDelegate : Finished Spring Data repository scanning in 74ms. Found 2 repository interfaces.
2020-10-12 22:38:43.279  INFO 28624 --- [    Test worker] trationDelegate$BeanPostProcessorChecker : Bean 'org.springframework.transaction.annotation.ProxyTransactionManagementConfiguration' of type [org.springframework.transaction.annotation.ProxyTransactionManagementConfiguration$$EnhancerBySpringCGLIB$$6b6c2424] is not eligible for getting processed by all BeanPostProcessors (for example: not eligible for auto-proxying)
2020-10-12 22:38:43.943  INFO 28624 --- [    Test worker] o.s.b.w.embedded.tomcat.TomcatWebServer  : Tomcat initialized with port(s): 0 (http)
2020-10-12 22:38:44.022  INFO 28624 --- [    Test worker] o.apache.catalina.core.StandardService   : Starting service [Tomcat]
2020-10-12 22:38:44.022  INFO 28624 --- [    Test worker] org.apache.catalina.core.StandardEngine  : Starting Servlet engine: [Apache Tomcat/9.0.22]
2020-10-12 22:38:44.418  INFO 28624 --- [    Test worker] o.a.c.c.C.[Tomcat].[localhost].[/]       : Initializing Spring embedded WebApplicationContext
2020-10-12 22:38:44.418  INFO 28624 --- [    Test worker] o.s.web.context.ContextLoader            : Root WebApplicationContext: initialization completed in 2019 ms
2020-10-12 22:38:44.897  INFO 28624 --- [    Test worker] com.zaxxer.hikari.HikariDataSource       : HikariPool-2 - Starting...
2020-10-12 22:38:44.899  INFO 28624 --- [    Test worker] com.zaxxer.hikari.HikariDataSource       : HikariPool-2 - Start completed.
2020-10-12 22:38:44.999  INFO 28624 --- [    Test worker] o.hibernate.jpa.internal.util.LogHelper  : HHH000204: Processing PersistenceUnitInfo [
	name: default
	...]
2020-10-12 22:38:45.029  INFO 28624 --- [    Test worker] org.hibernate.dialect.Dialect            : HHH000400: Using dialect: org.hibernate.dialect.MySQL5InnoDBDialect
Hibernate: drop table if exists posts
Hibernate: drop table if exists user
Hibernate: create table posts (id bigint not null auto_increment, created_date datetime, modified_date datetime, author varchar(255), content TEXT not null, title varchar(500) not null, primary key (id)) engine=InnoDB
Hibernate: create table user (id bigint not null auto_increment, created_date datetime, modified_date datetime, email varchar(255) not null, name varchar(255) not null, picture varchar(255), role varchar(255) not null, primary key (id)) engine=InnoDB
2020-10-12 22:38:45.165  INFO 28624 --- [    Test worker] o.h.t.schema.internal.SchemaCreatorImpl  : HHH000476: Executing import script 'org.hibernate.tool.schema.internal.exec.ScriptSourceInputNonExistentImpl@1c25ddf'
2020-10-12 22:38:45.166  INFO 28624 --- [    Test worker] j.LocalContainerEntityManagerFactoryBean : Initialized JPA EntityManagerFactory for persistence unit 'default'
2020-10-12 22:38:46.023  INFO 28624 --- [    Test worker] o.h.h.i.QueryTranslatorFactoryInitiator  : HHH000397: Using ASTQueryTranslatorFactory
2020-10-12 22:38:46.490  INFO 28624 --- [    Test worker] o.s.s.web.DefaultSecurityFilterChain     : Creating filter chain: any request, [org.springframework.security.web.context.request.async.WebAsyncManagerIntegrationFilter@7ade2deb, org.springframework.security.web.context.SecurityContextPersistenceFilter@1f9ad65a, org.springframework.security.web.header.HeaderWriterFilter@236f5f11, org.springframework.security.web.authentication.logout.LogoutFilter@507562, org.springframework.security.oauth2.client.web.OAuth2AuthorizationRequestRedirectFilter@34dd7ef9, org.springframework.security.oauth2.client.web.OAuth2LoginAuthenticationFilter@23c406dd, org.springframework.security.web.authentication.ui.DefaultLoginPageGeneratingFilter@49b14208, org.springframework.security.web.authentication.ui.DefaultLogoutPageGeneratingFilter@448d6305, org.springframework.security.web.savedrequest.RequestCacheAwareFilter@7baa8b96, org.springframework.security.web.servletapi.SecurityContextHolderAwareRequestFilter@22e4c425, org.springframework.security.web.authentication.AnonymousAuthenticationFilter@1bf8f7db, org.springframework.security.web.session.SessionManagementFilter@291844dd, org.springframework.security.web.access.ExceptionTranslationFilter@4945a235, org.springframework.security.web.access.intercept.FilterSecurityInterceptor@514df409]
2020-10-12 22:38:47.024  INFO 28624 --- [    Test worker] o.s.s.concurrent.ThreadPoolTaskExecutor  : Initializing ExecutorService 'applicationTaskExecutor'
2020-10-12 22:38:47.056  WARN 28624 --- [    Test worker] aWebConfiguration$JpaWebMvcConfiguration : spring.jpa.open-in-view is enabled by default. Therefore, database queries may be performed during view rendering. Explicitly configure spring.jpa.open-in-view to disable this warning
2020-10-12 22:38:47.127  INFO 28624 --- [    Test worker] o.s.b.a.w.s.WelcomePageHandlerMapping    : Adding welcome page template: index
2020-10-12 22:38:47.849  INFO 28624 --- [    Test worker] s.a.ScheduledAnnotationBeanPostProcessor : No TaskScheduler/ScheduledExecutorService bean found for scheduled processing
2020-10-12 22:38:47.892  INFO 28624 --- [    Test worker] o.s.b.w.embedded.tomcat.TomcatWebServer  : Tomcat started on port(s): 11938 (http) with context path ''
2020-10-12 22:38:47.894  INFO 28624 --- [    Test worker] c.l.springboot.web.IndexControllerTest   : Started IndexControllerTest in 5.705 seconds (JVM running for 23.296)
2020-10-12 22:38:48.137  INFO 28624 --- [o-auto-1-exec-1] o.a.c.c.C.[Tomcat].[localhost].[/]       : Initializing Spring DispatcherServlet 'dispatcherServlet'
2020-10-12 22:38:48.137  INFO 28624 --- [o-auto-1-exec-1] o.s.web.servlet.DispatcherServlet        : Initializing Servlet 'dispatcherServlet'
2020-10-12 22:38:48.189  INFO 28624 --- [o-auto-1-exec-1] o.s.web.servlet.DispatcherServlet        : Completed initialization in 52 ms
Hibernate: select posts0_.id as id1_0_, posts0_.created_date as created_2_0_, posts0_.modified_date as modified3_0_, posts0_.author as author4_0_, posts0_.content as content5_0_, posts0_.title as title6_0_ from posts posts0_ order by posts0_.id DESC
]]></system-out>
  <system-err><![CDATA[]]></system-err>
</testsuite>
