<?xml version="1.0" encoding="UTF-8"?>
<testsuite name="com.leebe.springboot.web.HelloControllerTest" tests="2" skipped="0" failures="0" errors="0" timestamp="2020-10-17T07:39:52" hostname="DESKTOP-M0J1AK4" time="0.312">
  <properties/>
  <testcase name="hello가_리턴된다" classname="com.leebe.springboot.web.HelloControllerTest" time="0.13"/>
  <testcase name="helloDto가_리턴된다" classname="com.leebe.springboot.web.HelloControllerTest" time="0.181"/>
  <system-out><![CDATA[2020-10-17 16:39:50.843  INFO 10884 --- [    Test worker] .b.t.a.w.s.WebMvcTestContextBootstrapper : Neither @ContextConfiguration nor @ContextHierarchy found for test class [com.leebe.springboot.web.HelloControllerTest], using SpringBootContextLoader
2020-10-17 16:39:50.844  INFO 10884 --- [    Test worker] o.s.t.c.support.AbstractContextLoader    : Could not detect default resource locations for test class [com.leebe.springboot.web.HelloControllerTest]: no resource found for suffixes {-context.xml, Context.groovy}.
2020-10-17 16:39:50.845  INFO 10884 --- [    Test worker] t.c.s.AnnotationConfigContextLoaderUtils : Could not detect default configuration classes for test class [com.leebe.springboot.web.HelloControllerTest]: HelloControllerTest does not declare any static, non-private, non-final, nested classes annotated with @Configuration.
2020-10-17 16:39:50.885  INFO 10884 --- [    Test worker] .b.t.c.SpringBootTestContextBootstrapper : Found @SpringBootConfiguration com.leebe.springboot.Application for test class com.leebe.springboot.web.HelloControllerTest
2020-10-17 16:39:50.886  INFO 10884 --- [    Test worker] .b.t.a.w.s.WebMvcTestContextBootstrapper : Loaded default TestExecutionListener class names from location [META-INF/spring.factories]: [org.springframework.security.test.context.support.WithSecurityContextTestExecutionListener, org.springframework.security.test.context.support.ReactorContextTestExecutionListener, org.springframework.boot.test.autoconfigure.restdocs.RestDocsTestExecutionListener, org.springframework.boot.test.autoconfigure.web.client.MockRestServiceServerResetTestExecutionListener, org.springframework.boot.test.autoconfigure.web.servlet.MockMvcPrintOnlyOnFailureTestExecutionListener, org.springframework.boot.test.autoconfigure.web.servlet.WebDriverTestExecutionListener, org.springframework.boot.test.mock.mockito.MockitoTestExecutionListener, org.springframework.boot.test.mock.mockito.ResetMocksTestExecutionListener, org.springframework.test.context.web.ServletTestExecutionListener, org.springframework.test.context.support.DirtiesContextBeforeModesTestExecutionListener, org.springframework.test.context.support.DependencyInjectionTestExecutionListener, org.springframework.test.context.support.DirtiesContextTestExecutionListener, org.springframework.test.context.transaction.TransactionalTestExecutionListener, org.springframework.test.context.jdbc.SqlScriptsTestExecutionListener]
2020-10-17 16:39:50.888  INFO 10884 --- [    Test worker] .b.t.a.w.s.WebMvcTestContextBootstrapper : Using TestExecutionListeners: [org.springframework.test.context.web.ServletTestExecutionListener@471c1dd3, org.springframework.test.context.support.DirtiesContextBeforeModesTestExecutionListener@2f120b03, org.springframework.boot.test.mock.mockito.MockitoTestExecutionListener@5b2bd17a, org.springframework.boot.test.autoconfigure.SpringBootDependencyInjectionTestExecutionListener@2daf6c2a, org.springframework.test.context.support.DirtiesContextTestExecutionListener@a7a0ec9, org.springframework.test.context.transaction.TransactionalTestExecutionListener@358f4696, org.springframework.test.context.jdbc.SqlScriptsTestExecutionListener@302ae15c, org.springframework.security.test.context.support.WithSecurityContextTestExecutionListener@6632154f, org.springframework.security.test.context.support.ReactorContextTestExecutionListener@3c644306, org.springframework.boot.test.autoconfigure.restdocs.RestDocsTestExecutionListener@739019ea, org.springframework.boot.test.autoconfigure.web.client.MockRestServiceServerResetTestExecutionListener@14d726c5, org.springframework.boot.test.autoconfigure.web.servlet.MockMvcPrintOnlyOnFailureTestExecutionListener@6239c17d, org.springframework.boot.test.autoconfigure.web.servlet.WebDriverTestExecutionListener@7cdbd24f, org.springframework.boot.test.mock.mockito.ResetMocksTestExecutionListener@ff7cb77]

  .   ____          _            __ _ _
 /\\ / ___'_ __ _ _(_)_ __  __ _ \ \ \ \
( ( )\___ | '_ | '_| | '_ \/ _` | \ \ \ \
 \\/  ___)| |_)| | | | | || (_| |  ) ) ) )
  '  |____| .__|_| |_|_| |_\__, | / / / /
 =========|_|==============|___/=/_/_/_/
 :: Spring Boot ::        (v2.1.7.RELEASE)

2020-10-17 16:39:51.010  INFO 10884 --- [    Test worker] c.l.springboot.web.HelloControllerTest   : Starting HelloControllerTest on DESKTOP-M0J1AK4 with PID 10884 (started by DAHYE HAN in C:\workspace)
2020-10-17 16:39:51.010  INFO 10884 --- [    Test worker] c.l.springboot.web.HelloControllerTest   : The following profiles are active: oauth
2020-10-17 16:39:51.893  INFO 10884 --- [    Test worker] o.s.s.concurrent.ThreadPoolTaskExecutor  : Initializing ExecutorService 'applicationTaskExecutor'
2020-10-17 16:39:51.970  INFO 10884 --- [    Test worker] o.s.b.a.w.s.WelcomePageHandlerMapping    : Adding welcome page template: index
2020-10-17 16:39:52.390  INFO 10884 --- [    Test worker] .s.s.UserDetailsServiceAutoConfiguration : 

Using generated security password: 38db3058-6f10-4cd8-9105-0a2e6146ac64

2020-10-17 16:39:52.692  INFO 10884 --- [    Test worker] o.s.s.web.DefaultSecurityFilterChain     : Creating filter chain: any request, [org.springframework.security.web.context.request.async.WebAsyncManagerIntegrationFilter@16a717dc, org.springframework.security.web.context.SecurityContextPersistenceFilter@55889042, org.springframework.security.web.header.HeaderWriterFilter@4338ff5d, org.springframework.security.web.csrf.CsrfFilter@77a2f1f9, org.springframework.security.web.authentication.logout.LogoutFilter@17d2923f, org.springframework.security.web.authentication.UsernamePasswordAuthenticationFilter@354472ea, org.springframework.security.web.authentication.ui.DefaultLoginPageGeneratingFilter@342b58f0, org.springframework.security.web.authentication.ui.DefaultLogoutPageGeneratingFilter@2a31b149, org.springframework.security.web.authentication.www.BasicAuthenticationFilter@4d590c74, org.springframework.security.web.savedrequest.RequestCacheAwareFilter@3c0b44fb, org.springframework.security.web.servletapi.SecurityContextHolderAwareRequestFilter@38cd8630, org.springframework.security.web.authentication.AnonymousAuthenticationFilter@2f8e32d7, org.springframework.security.web.session.SessionManagementFilter@2375f3fa, org.springframework.security.web.access.ExceptionTranslationFilter@13cf54bc, org.springframework.security.web.access.intercept.FilterSecurityInterceptor@49cfc0e2]
2020-10-17 16:39:52.770  INFO 10884 --- [    Test worker] o.s.b.t.m.w.SpringBootMockServletContext : Initializing Spring TestDispatcherServlet ''
2020-10-17 16:39:52.770  INFO 10884 --- [    Test worker] o.s.t.web.servlet.TestDispatcherServlet  : Initializing Servlet ''
2020-10-17 16:39:52.801  INFO 10884 --- [    Test worker] o.s.t.web.servlet.TestDispatcherServlet  : Completed initialization in 30 ms
2020-10-17 16:39:52.857  INFO 10884 --- [    Test worker] c.l.springboot.web.HelloControllerTest   : Started HelloControllerTest in 1.965 seconds (JVM running for 15.009)
]]></system-out>
  <system-err><![CDATA[]]></system-err>
</testsuite>
