<?xml version="1.0" encoding="UTF-8"?>
<testsuite name="com.leebe.springboot.web.HelloControllerTest" tests="2" skipped="0" failures="0" errors="0" timestamp="2020-10-17T07:07:50" hostname="DESKTOP-M0J1AK4" time="0.365">
  <properties/>
  <testcase name="hello가_리턴된다" classname="com.leebe.springboot.web.HelloControllerTest" time="0.156"/>
  <testcase name="helloDto가_리턴된다" classname="com.leebe.springboot.web.HelloControllerTest" time="0.208"/>
  <system-out><![CDATA[2020-10-17 16:07:48.099  INFO 21832 --- [    Test worker] .b.t.a.w.s.WebMvcTestContextBootstrapper : Neither @ContextConfiguration nor @ContextHierarchy found for test class [com.leebe.springboot.web.HelloControllerTest], using SpringBootContextLoader
2020-10-17 16:07:48.103  INFO 21832 --- [    Test worker] o.s.t.c.support.AbstractContextLoader    : Could not detect default resource locations for test class [com.leebe.springboot.web.HelloControllerTest]: no resource found for suffixes {-context.xml, Context.groovy}.
2020-10-17 16:07:48.103  INFO 21832 --- [    Test worker] t.c.s.AnnotationConfigContextLoaderUtils : Could not detect default configuration classes for test class [com.leebe.springboot.web.HelloControllerTest]: HelloControllerTest does not declare any static, non-private, non-final, nested classes annotated with @Configuration.
2020-10-17 16:07:48.145  INFO 21832 --- [    Test worker] .b.t.c.SpringBootTestContextBootstrapper : Found @SpringBootConfiguration com.leebe.springboot.Application for test class com.leebe.springboot.web.HelloControllerTest
2020-10-17 16:07:48.146  INFO 21832 --- [    Test worker] .b.t.a.w.s.WebMvcTestContextBootstrapper : Loaded default TestExecutionListener class names from location [META-INF/spring.factories]: [org.springframework.security.test.context.support.WithSecurityContextTestExecutionListener, org.springframework.security.test.context.support.ReactorContextTestExecutionListener, org.springframework.boot.test.autoconfigure.restdocs.RestDocsTestExecutionListener, org.springframework.boot.test.autoconfigure.web.client.MockRestServiceServerResetTestExecutionListener, org.springframework.boot.test.autoconfigure.web.servlet.MockMvcPrintOnlyOnFailureTestExecutionListener, org.springframework.boot.test.autoconfigure.web.servlet.WebDriverTestExecutionListener, org.springframework.boot.test.mock.mockito.MockitoTestExecutionListener, org.springframework.boot.test.mock.mockito.ResetMocksTestExecutionListener, org.springframework.test.context.web.ServletTestExecutionListener, org.springframework.test.context.support.DirtiesContextBeforeModesTestExecutionListener, org.springframework.test.context.support.DependencyInjectionTestExecutionListener, org.springframework.test.context.support.DirtiesContextTestExecutionListener, org.springframework.test.context.transaction.TransactionalTestExecutionListener, org.springframework.test.context.jdbc.SqlScriptsTestExecutionListener]
2020-10-17 16:07:48.149  INFO 21832 --- [    Test worker] .b.t.a.w.s.WebMvcTestContextBootstrapper : Using TestExecutionListeners: [org.springframework.test.context.web.ServletTestExecutionListener@2f50ffb2, org.springframework.test.context.support.DirtiesContextBeforeModesTestExecutionListener@fb35d4e, org.springframework.boot.test.mock.mockito.MockitoTestExecutionListener@2662ecbd, org.springframework.boot.test.autoconfigure.SpringBootDependencyInjectionTestExecutionListener@629dae41, org.springframework.test.context.support.DirtiesContextTestExecutionListener@4a9860cf, org.springframework.test.context.transaction.TransactionalTestExecutionListener@5fd40dff, org.springframework.test.context.jdbc.SqlScriptsTestExecutionListener@6ee215bc, org.springframework.security.test.context.support.WithSecurityContextTestExecutionListener@61824187, org.springframework.security.test.context.support.ReactorContextTestExecutionListener@6815cb60, org.springframework.boot.test.autoconfigure.restdocs.RestDocsTestExecutionListener@17d18868, org.springframework.boot.test.autoconfigure.web.client.MockRestServiceServerResetTestExecutionListener@696030db, org.springframework.boot.test.autoconfigure.web.servlet.MockMvcPrintOnlyOnFailureTestExecutionListener@1a9dda09, org.springframework.boot.test.autoconfigure.web.servlet.WebDriverTestExecutionListener@5c154cf1, org.springframework.boot.test.mock.mockito.ResetMocksTestExecutionListener@471c1dd3]

  .   ____          _            __ _ _
 /\\ / ___'_ __ _ _(_)_ __  __ _ \ \ \ \
( ( )\___ | '_ | '_| | '_ \/ _` | \ \ \ \
 \\/  ___)| |_)| | | | | || (_| |  ) ) ) )
  '  |____| .__|_| |_|_| |_\__, | / / / /
 =========|_|==============|___/=/_/_/_/
 :: Spring Boot ::        (v2.1.7.RELEASE)

2020-10-17 16:07:48.273  INFO 21832 --- [    Test worker] c.l.springboot.web.HelloControllerTest   : Starting HelloControllerTest on DESKTOP-M0J1AK4 with PID 21832 (started by DAHYE HAN in C:\workspace)
2020-10-17 16:07:48.274  INFO 21832 --- [    Test worker] c.l.springboot.web.HelloControllerTest   : The following profiles are active: oauth
2020-10-17 16:07:49.344  INFO 21832 --- [    Test worker] o.s.s.concurrent.ThreadPoolTaskExecutor  : Initializing ExecutorService 'applicationTaskExecutor'
2020-10-17 16:07:49.439  INFO 21832 --- [    Test worker] o.s.b.a.w.s.WelcomePageHandlerMapping    : Adding welcome page template: index
2020-10-17 16:07:50.006  INFO 21832 --- [    Test worker] .s.s.UserDetailsServiceAutoConfiguration : 

Using generated security password: 47bae46f-3d73-442a-9034-3c52ea8401ca

2020-10-17 16:07:50.471  INFO 21832 --- [    Test worker] o.s.s.web.DefaultSecurityFilterChain     : Creating filter chain: any request, [org.springframework.security.web.context.request.async.WebAsyncManagerIntegrationFilter@2530c4b7, org.springframework.security.web.context.SecurityContextPersistenceFilter@3a06c77e, org.springframework.security.web.header.HeaderWriterFilter@74f3ed3b, org.springframework.security.web.csrf.CsrfFilter@5db2ccb1, org.springframework.security.web.authentication.logout.LogoutFilter@73dced26, org.springframework.security.web.authentication.UsernamePasswordAuthenticationFilter@4338ff5d, org.springframework.security.web.authentication.ui.DefaultLoginPageGeneratingFilter@19b47033, org.springframework.security.web.authentication.ui.DefaultLogoutPageGeneratingFilter@43fa6076, org.springframework.security.web.authentication.www.BasicAuthenticationFilter@38cd8630, org.springframework.security.web.savedrequest.RequestCacheAwareFilter@366cdff3, org.springframework.security.web.servletapi.SecurityContextHolderAwareRequestFilter@5d1d7630, org.springframework.security.web.authentication.AnonymousAuthenticationFilter@17d2923f, org.springframework.security.web.session.SessionManagementFilter@3f6f7050, org.springframework.security.web.access.ExceptionTranslationFilter@52abd9b4, org.springframework.security.web.access.intercept.FilterSecurityInterceptor@13cf54bc]
2020-10-17 16:07:50.581  INFO 21832 --- [    Test worker] o.s.b.t.m.w.SpringBootMockServletContext : Initializing Spring TestDispatcherServlet ''
2020-10-17 16:07:50.581  INFO 21832 --- [    Test worker] o.s.t.web.servlet.TestDispatcherServlet  : Initializing Servlet ''
2020-10-17 16:07:50.622  INFO 21832 --- [    Test worker] o.s.t.web.servlet.TestDispatcherServlet  : Completed initialization in 41 ms
2020-10-17 16:07:50.736  INFO 21832 --- [    Test worker] c.l.springboot.web.HelloControllerTest   : Started HelloControllerTest in 2.583 seconds (JVM running for 17.77)
]]></system-out>
  <system-err><![CDATA[]]></system-err>
</testsuite>
