<?xml version="1.0" encoding="UTF-8"?>
<testsuite name="com.leebe.springboot.web.domain.posts.PostsRepositoryTest" tests="2" skipped="0" failures="0" errors="0" timestamp="2020-10-17T07:39:50" hostname="DESKTOP-M0J1AK4" time="0.498">
  <properties/>
  <testcase name="게시글저장_불러오기" classname="com.leebe.springboot.web.domain.posts.PostsRepositoryTest" time="0.483"/>
  <testcase name="BaseTimeEntity_등록" classname="com.leebe.springboot.web.domain.posts.PostsRepositoryTest" time="0.014"/>
  <system-out><![CDATA[16:39:39.419 [Test worker] DEBUG org.springframework.test.context.junit4.SpringJUnit4ClassRunner - SpringJUnit4ClassRunner constructor called with [class com.leebe.springboot.web.domain.posts.PostsRepositoryTest]
16:39:39.433 [Test worker] DEBUG org.springframework.test.context.BootstrapUtils - Instantiating CacheAwareContextLoaderDelegate from class [org.springframework.test.context.cache.DefaultCacheAwareContextLoaderDelegate]
16:39:39.449 [Test worker] DEBUG org.springframework.test.context.BootstrapUtils - Instantiating BootstrapContext using constructor [public org.springframework.test.context.support.DefaultBootstrapContext(java.lang.Class,org.springframework.test.context.CacheAwareContextLoaderDelegate)]
16:39:39.500 [Test worker] DEBUG org.springframework.test.context.BootstrapUtils - Instantiating TestContextBootstrapper for test class [com.leebe.springboot.web.domain.posts.PostsRepositoryTest] from class [org.springframework.boot.test.context.SpringBootTestContextBootstrapper]
16:39:39.524 [Test worker] INFO org.springframework.boot.test.context.SpringBootTestContextBootstrapper - Neither @ContextConfiguration nor @ContextHierarchy found for test class [com.leebe.springboot.web.domain.posts.PostsRepositoryTest], using SpringBootContextLoader
16:39:39.530 [Test worker] DEBUG org.springframework.test.context.support.AbstractContextLoader - Did not detect default resource location for test class [com.leebe.springboot.web.domain.posts.PostsRepositoryTest]: class path resource [com/leebe/springboot/web/domain/posts/PostsRepositoryTest-context.xml] does not exist
16:39:39.531 [Test worker] DEBUG org.springframework.test.context.support.AbstractContextLoader - Did not detect default resource location for test class [com.leebe.springboot.web.domain.posts.PostsRepositoryTest]: class path resource [com/leebe/springboot/web/domain/posts/PostsRepositoryTestContext.groovy] does not exist
16:39:39.531 [Test worker] INFO org.springframework.test.context.support.AbstractContextLoader - Could not detect default resource locations for test class [com.leebe.springboot.web.domain.posts.PostsRepositoryTest]: no resource found for suffixes {-context.xml, Context.groovy}.
16:39:39.533 [Test worker] INFO org.springframework.test.context.support.AnnotationConfigContextLoaderUtils - Could not detect default configuration classes for test class [com.leebe.springboot.web.domain.posts.PostsRepositoryTest]: PostsRepositoryTest does not declare any static, non-private, non-final, nested classes annotated with @Configuration.
16:39:39.603 [Test worker] DEBUG org.springframework.test.context.support.ActiveProfilesUtils - Could not find an 'annotation declaring class' for annotation type [org.springframework.test.context.ActiveProfiles] and class [com.leebe.springboot.web.domain.posts.PostsRepositoryTest]
16:39:39.745 [Test worker] DEBUG org.springframework.context.annotation.ClassPathScanningCandidateComponentProvider - Identified candidate component class: file [C:\workspace\build\classes\java\main\com\leebe\springboot\Application.class]
16:39:39.760 [Test worker] INFO org.springframework.boot.test.context.SpringBootTestContextBootstrapper - Found @SpringBootConfiguration com.leebe.springboot.Application for test class com.leebe.springboot.web.domain.posts.PostsRepositoryTest
16:39:39.944 [Test worker] DEBUG org.springframework.boot.test.context.SpringBootTestContextBootstrapper - @TestExecutionListeners is not present for class [com.leebe.springboot.web.domain.posts.PostsRepositoryTest]: using defaults.
16:39:39.945 [Test worker] INFO org.springframework.boot.test.context.SpringBootTestContextBootstrapper - Loaded default TestExecutionListener class names from location [META-INF/spring.factories]: [org.springframework.security.test.context.support.WithSecurityContextTestExecutionListener, org.springframework.security.test.context.support.ReactorContextTestExecutionListener, org.springframework.boot.test.autoconfigure.restdocs.RestDocsTestExecutionListener, org.springframework.boot.test.autoconfigure.web.client.MockRestServiceServerResetTestExecutionListener, org.springframework.boot.test.autoconfigure.web.servlet.MockMvcPrintOnlyOnFailureTestExecutionListener, org.springframework.boot.test.autoconfigure.web.servlet.WebDriverTestExecutionListener, org.springframework.boot.test.mock.mockito.MockitoTestExecutionListener, org.springframework.boot.test.mock.mockito.ResetMocksTestExecutionListener, org.springframework.test.context.web.ServletTestExecutionListener, org.springframework.test.context.support.DirtiesContextBeforeModesTestExecutionListener, org.springframework.test.context.support.DependencyInjectionTestExecutionListener, org.springframework.test.context.support.DirtiesContextTestExecutionListener, org.springframework.test.context.transaction.TransactionalTestExecutionListener, org.springframework.test.context.jdbc.SqlScriptsTestExecutionListener]
16:39:39.986 [Test worker] INFO org.springframework.boot.test.context.SpringBootTestContextBootstrapper - Using TestExecutionListeners: [org.springframework.test.context.web.ServletTestExecutionListener@5b5370d4, org.springframework.test.context.support.DirtiesContextBeforeModesTestExecutionListener@1d923ff5, org.springframework.boot.test.mock.mockito.MockitoTestExecutionListener@546962f2, org.springframework.boot.test.autoconfigure.SpringBootDependencyInjectionTestExecutionListener@111467f2, org.springframework.test.context.support.DirtiesContextTestExecutionListener@510170d4, org.springframework.test.context.transaction.TransactionalTestExecutionListener@5de08096, org.springframework.test.context.jdbc.SqlScriptsTestExecutionListener@4201172a, org.springframework.security.test.context.support.WithSecurityContextTestExecutionListener@7018c36f, org.springframework.security.test.context.support.ReactorContextTestExecutionListener@2ac59a68, org.springframework.boot.test.autoconfigure.restdocs.RestDocsTestExecutionListener@73f84b96, org.springframework.boot.test.autoconfigure.web.client.MockRestServiceServerResetTestExecutionListener@390aaa84, org.springframework.boot.test.autoconfigure.web.servlet.MockMvcPrintOnlyOnFailureTestExecutionListener@fbf0571, org.springframework.boot.test.autoconfigure.web.servlet.WebDriverTestExecutionListener@9afc834, org.springframework.boot.test.mock.mockito.ResetMocksTestExecutionListener@383a966c]
16:39:39.990 [Test worker] DEBUG org.springframework.test.annotation.ProfileValueUtils - Retrieved @ProfileValueSourceConfiguration [null] for test class [com.leebe.springboot.web.domain.posts.PostsRepositoryTest]
16:39:39.991 [Test worker] DEBUG org.springframework.test.annotation.ProfileValueUtils - Retrieved ProfileValueSource type [class org.springframework.test.annotation.SystemProfileValueSource] for class [com.leebe.springboot.web.domain.posts.PostsRepositoryTest]
16:39:39.992 [Test worker] DEBUG org.springframework.test.annotation.ProfileValueUtils - Retrieved @ProfileValueSourceConfiguration [null] for test class [com.leebe.springboot.web.domain.posts.PostsRepositoryTest]
16:39:39.993 [Test worker] DEBUG org.springframework.test.annotation.ProfileValueUtils - Retrieved ProfileValueSource type [class org.springframework.test.annotation.SystemProfileValueSource] for class [com.leebe.springboot.web.domain.posts.PostsRepositoryTest]
16:39:40.001 [Test worker] DEBUG org.springframework.test.context.support.AbstractDirtiesContextTestExecutionListener - Before test class: context [DefaultTestContext@2cfead85 testClass = PostsRepositoryTest, testInstance = [null], testMethod = [null], testException = [null], mergedContextConfiguration = [WebMergedContextConfiguration@443359e9 testClass = PostsRepositoryTest, locations = '{}', classes = '{class com.leebe.springboot.Application}', contextInitializerClasses = '[]', activeProfiles = '{}', propertySourceLocations = '{}', propertySourceProperties = '{org.springframework.boot.test.context.SpringBootTestContextBootstrapper=true}', contextCustomizers = set[org.springframework.boot.test.autoconfigure.properties.PropertyMappingContextCustomizer@0, org.springframework.boot.test.autoconfigure.web.servlet.WebDriverContextCustomizerFactory$Customizer@3edf534a, org.springframework.boot.test.context.filter.ExcludeFilterContextCustomizer@36fb95e7, org.springframework.boot.test.json.DuplicateJsonObjectContextCustomizerFactory$DuplicateJsonObjectContextCustomizer@7f6808b0, org.springframework.boot.test.mock.mockito.MockitoContextCustomizer@0, org.springframework.boot.test.web.client.TestRestTemplateContextCustomizer@cf2dcf8], resourceBasePath = 'src/main/webapp', contextLoader = 'org.springframework.boot.test.context.SpringBootContextLoader', parent = [null]], attributes = map['org.springframework.test.context.web.ServletTestExecutionListener.activateListener' -> true]], class annotated with @DirtiesContext [false] with mode [null].
16:39:40.002 [Test worker] DEBUG org.springframework.test.annotation.ProfileValueUtils - Retrieved @ProfileValueSourceConfiguration [null] for test class [com.leebe.springboot.web.domain.posts.PostsRepositoryTest]
16:39:40.002 [Test worker] DEBUG org.springframework.test.annotation.ProfileValueUtils - Retrieved ProfileValueSource type [class org.springframework.test.annotation.SystemProfileValueSource] for class [com.leebe.springboot.web.domain.posts.PostsRepositoryTest]
16:39:40.040 [Test worker] DEBUG org.springframework.test.context.support.TestPropertySourceUtils - Adding inlined properties to environment: {spring.jmx.enabled=false, org.springframework.boot.test.context.SpringBootTestContextBootstrapper=true, server.port=-1}

  .   ____          _            __ _ _
 /\\ / ___'_ __ _ _(_)_ __  __ _ \ \ \ \
( ( )\___ | '_ | '_| | '_ \/ _` | \ \ \ \
 \\/  ___)| |_)| | | | | || (_| |  ) ) ) )
  '  |____| .__|_| |_|_| |_\__, | / / / /
 =========|_|==============|___/=/_/_/_/
 :: Spring Boot ::        (v2.1.7.RELEASE)

2020-10-17 16:39:40.525  INFO 10884 --- [    Test worker] c.l.s.w.d.posts.PostsRepositoryTest      : Starting PostsRepositoryTest on DESKTOP-M0J1AK4 with PID 10884 (started by DAHYE HAN in C:\workspace)
2020-10-17 16:39:40.526  INFO 10884 --- [    Test worker] c.l.s.w.d.posts.PostsRepositoryTest      : The following profiles are active: oauth
2020-10-17 16:39:41.879  INFO 10884 --- [    Test worker] .s.d.r.c.RepositoryConfigurationDelegate : Bootstrapping Spring Data repositories in DEFAULT mode.
2020-10-17 16:39:41.995  INFO 10884 --- [    Test worker] .s.d.r.c.RepositoryConfigurationDelegate : Finished Spring Data repository scanning in 104ms. Found 2 repository interfaces.
2020-10-17 16:39:42.738  INFO 10884 --- [    Test worker] trationDelegate$BeanPostProcessorChecker : Bean 'org.springframework.transaction.annotation.ProxyTransactionManagementConfiguration' of type [org.springframework.transaction.annotation.ProxyTransactionManagementConfiguration$$EnhancerBySpringCGLIB$$6a22b460] is not eligible for getting processed by all BeanPostProcessors (for example: not eligible for auto-proxying)
2020-10-17 16:39:43.228  INFO 10884 --- [    Test worker] com.zaxxer.hikari.HikariDataSource       : HikariPool-1 - Starting...
2020-10-17 16:39:43.462  INFO 10884 --- [    Test worker] com.zaxxer.hikari.HikariDataSource       : HikariPool-1 - Start completed.
2020-10-17 16:39:43.613  INFO 10884 --- [    Test worker] o.hibernate.jpa.internal.util.LogHelper  : HHH000204: Processing PersistenceUnitInfo [
	name: default
	...]
2020-10-17 16:39:43.748  INFO 10884 --- [    Test worker] org.hibernate.Version                    : HHH000412: Hibernate Core {5.3.10.Final}
2020-10-17 16:39:43.751  INFO 10884 --- [    Test worker] org.hibernate.cfg.Environment            : HHH000206: hibernate.properties not found
2020-10-17 16:39:44.018  INFO 10884 --- [    Test worker] o.hibernate.annotations.common.Version   : HCANN000001: Hibernate Commons Annotations {5.0.4.Final}
2020-10-17 16:39:44.328  INFO 10884 --- [    Test worker] org.hibernate.dialect.Dialect            : HHH000400: Using dialect: org.hibernate.dialect.MySQL5InnoDBDialect
Hibernate: drop table if exists posts
Hibernate: drop table if exists user
Hibernate: create table posts (id bigint not null auto_increment, created_date datetime, modified_date datetime, author varchar(255), content TEXT not null, title varchar(500) not null, primary key (id)) engine=InnoDB
Hibernate: create table user (id bigint not null auto_increment, created_date datetime, modified_date datetime, email varchar(255) not null, name varchar(255) not null, picture varchar(255), role varchar(255) not null, primary key (id)) engine=InnoDB
2020-10-17 16:39:45.558  INFO 10884 --- [    Test worker] o.h.t.schema.internal.SchemaCreatorImpl  : HHH000476: Executing import script 'org.hibernate.tool.schema.internal.exec.ScriptSourceInputNonExistentImpl@47c3c62b'
2020-10-17 16:39:45.564  INFO 10884 --- [    Test worker] j.LocalContainerEntityManagerFactoryBean : Initialized JPA EntityManagerFactory for persistence unit 'default'
2020-10-17 16:39:46.560  INFO 10884 --- [    Test worker] o.h.h.i.QueryTranslatorFactoryInitiator  : HHH000397: Using ASTQueryTranslatorFactory
2020-10-17 16:39:47.780  INFO 10884 --- [    Test worker] o.s.s.web.DefaultSecurityFilterChain     : Creating filter chain: any request, [org.springframework.security.web.context.request.async.WebAsyncManagerIntegrationFilter@5195325, org.springframework.security.web.context.SecurityContextPersistenceFilter@2fa4126f, org.springframework.security.web.header.HeaderWriterFilter@247125d0, org.springframework.security.web.authentication.logout.LogoutFilter@7b99ab09, org.springframework.security.oauth2.client.web.OAuth2AuthorizationRequestRedirectFilter@19a03609, org.springframework.security.oauth2.client.web.OAuth2LoginAuthenticationFilter@6d5d2ca1, org.springframework.security.web.authentication.ui.DefaultLoginPageGeneratingFilter@7ba01137, org.springframework.security.web.authentication.ui.DefaultLogoutPageGeneratingFilter@32bba162, org.springframework.security.web.savedrequest.RequestCacheAwareFilter@7642ef94, org.springframework.security.web.servletapi.SecurityContextHolderAwareRequestFilter@6fd5f591, org.springframework.security.web.authentication.AnonymousAuthenticationFilter@38e6e580, org.springframework.security.web.session.SessionManagementFilter@4edc4871, org.springframework.security.web.access.ExceptionTranslationFilter@5da2cf5a, org.springframework.security.web.access.intercept.FilterSecurityInterceptor@58b17845]
2020-10-17 16:39:48.919  INFO 10884 --- [    Test worker] o.s.s.concurrent.ThreadPoolTaskExecutor  : Initializing ExecutorService 'applicationTaskExecutor'
2020-10-17 16:39:49.045  WARN 10884 --- [    Test worker] aWebConfiguration$JpaWebMvcConfiguration : spring.jpa.open-in-view is enabled by default. Therefore, database queries may be performed during view rendering. Explicitly configure spring.jpa.open-in-view to disable this warning
2020-10-17 16:39:49.174  INFO 10884 --- [    Test worker] o.s.b.a.w.s.WelcomePageHandlerMapping    : Adding welcome page template: index
2020-10-17 16:39:50.270  INFO 10884 --- [    Test worker] s.a.ScheduledAnnotationBeanPostProcessor : No TaskScheduler/ScheduledExecutorService bean found for scheduled processing
2020-10-17 16:39:50.291  INFO 10884 --- [    Test worker] c.l.s.w.d.posts.PostsRepositoryTest      : Started PostsRepositoryTest in 10.235 seconds (JVM running for 12.443)
Hibernate: insert into posts (created_date, modified_date, author, content, title) values (?, ?, ?, ?, ?)
Hibernate: select posts0_.id as id1_0_, posts0_.created_date as created_2_0_, posts0_.modified_date as modified3_0_, posts0_.author as author4_0_, posts0_.content as content5_0_, posts0_.title as title6_0_ from posts posts0_
Hibernate: select posts0_.id as id1_0_, posts0_.created_date as created_2_0_, posts0_.modified_date as modified3_0_, posts0_.author as author4_0_, posts0_.content as content5_0_, posts0_.title as title6_0_ from posts posts0_
Hibernate: delete from posts where id=?
Hibernate: insert into posts (created_date, modified_date, author, content, title) values (?, ?, ?, ?, ?)
Hibernate: select posts0_.id as id1_0_, posts0_.created_date as created_2_0_, posts0_.modified_date as modified3_0_, posts0_.author as author4_0_, posts0_.content as content5_0_, posts0_.title as title6_0_ from posts posts0_
>>>>>>>>>>>>>>> createDate=2020-10-17T16:39:50.813, modifiedDate=2020-10-17T16:39:50.813
Hibernate: select posts0_.id as id1_0_, posts0_.created_date as created_2_0_, posts0_.modified_date as modified3_0_, posts0_.author as author4_0_, posts0_.content as content5_0_, posts0_.title as title6_0_ from posts posts0_
Hibernate: delete from posts where id=?
]]></system-out>
  <system-err><![CDATA[]]></system-err>
</testsuite>
