<?xml version="1.0" encoding="UTF-8"?>
<testsuite name="com.leebe.springboot.web.HelloControllerTest" tests="2" skipped="0" failures="0" errors="0" timestamp="2020-10-12T13:38:51" hostname="DESKTOP-M0J1AK4" time="0.107">
  <properties/>
  <testcase name="hello가_리턴된다" classname="com.leebe.springboot.web.HelloControllerTest" time="0.032"/>
  <testcase name="helloDto가_리턴된다" classname="com.leebe.springboot.web.HelloControllerTest" time="0.074"/>
  <system-out><![CDATA[2020-10-12 22:38:48.842  INFO 28624 --- [    Test worker] .b.t.a.w.s.WebMvcTestContextBootstrapper : Neither @ContextConfiguration nor @ContextHierarchy found for test class [com.leebe.springboot.web.HelloControllerTest], using SpringBootContextLoader
2020-10-12 22:38:48.844  INFO 28624 --- [    Test worker] o.s.t.c.support.AbstractContextLoader    : Could not detect default resource locations for test class [com.leebe.springboot.web.HelloControllerTest]: no resource found for suffixes {-context.xml, Context.groovy}.
2020-10-12 22:38:48.846  INFO 28624 --- [    Test worker] t.c.s.AnnotationConfigContextLoaderUtils : Could not detect default configuration classes for test class [com.leebe.springboot.web.HelloControllerTest]: HelloControllerTest does not declare any static, non-private, non-final, nested classes annotated with @Configuration.
2020-10-12 22:38:48.892  INFO 28624 --- [    Test worker] .b.t.c.SpringBootTestContextBootstrapper : Found @SpringBootConfiguration com.leebe.springboot.Application for test class com.leebe.springboot.web.HelloControllerTest
2020-10-12 22:38:48.892  INFO 28624 --- [    Test worker] .b.t.a.w.s.WebMvcTestContextBootstrapper : Loaded default TestExecutionListener class names from location [META-INF/spring.factories]: [org.springframework.security.test.context.support.WithSecurityContextTestExecutionListener, org.springframework.security.test.context.support.ReactorContextTestExecutionListener, org.springframework.boot.test.autoconfigure.restdocs.RestDocsTestExecutionListener, org.springframework.boot.test.autoconfigure.web.client.MockRestServiceServerResetTestExecutionListener, org.springframework.boot.test.autoconfigure.web.servlet.MockMvcPrintOnlyOnFailureTestExecutionListener, org.springframework.boot.test.autoconfigure.web.servlet.WebDriverTestExecutionListener, org.springframework.boot.test.mock.mockito.MockitoTestExecutionListener, org.springframework.boot.test.mock.mockito.ResetMocksTestExecutionListener, org.springframework.test.context.web.ServletTestExecutionListener, org.springframework.test.context.support.DirtiesContextBeforeModesTestExecutionListener, org.springframework.test.context.support.DependencyInjectionTestExecutionListener, org.springframework.test.context.support.DirtiesContextTestExecutionListener, org.springframework.test.context.transaction.TransactionalTestExecutionListener, org.springframework.test.context.jdbc.SqlScriptsTestExecutionListener]
2020-10-12 22:38:48.898  INFO 28624 --- [    Test worker] .b.t.a.w.s.WebMvcTestContextBootstrapper : Using TestExecutionListeners: [org.springframework.test.context.web.ServletTestExecutionListener@5b4e6f73, org.springframework.test.context.support.DirtiesContextBeforeModesTestExecutionListener@17a439fa, org.springframework.boot.test.mock.mockito.MockitoTestExecutionListener@4081151b, org.springframework.boot.test.autoconfigure.SpringBootDependencyInjectionTestExecutionListener@602d8b91, org.springframework.test.context.support.DirtiesContextTestExecutionListener@48b05510, org.springframework.test.context.transaction.TransactionalTestExecutionListener@7eedde15, org.springframework.test.context.jdbc.SqlScriptsTestExecutionListener@368c351e, org.springframework.security.test.context.support.WithSecurityContextTestExecutionListener@3a71415d, org.springframework.security.test.context.support.ReactorContextTestExecutionListener@70a39bd6, org.springframework.boot.test.autoconfigure.restdocs.RestDocsTestExecutionListener@60aefea1, org.springframework.boot.test.autoconfigure.web.client.MockRestServiceServerResetTestExecutionListener@37dd136f, org.springframework.boot.test.autoconfigure.web.servlet.MockMvcPrintOnlyOnFailureTestExecutionListener@796c760, org.springframework.boot.test.autoconfigure.web.servlet.WebDriverTestExecutionListener@6b87916f, org.springframework.boot.test.mock.mockito.ResetMocksTestExecutionListener@7ccb3148]

  .   ____          _            __ _ _
 /\\ / ___'_ __ _ _(_)_ __  __ _ \ \ \ \
( ( )\___ | '_ | '_| | '_ \/ _` | \ \ \ \
 \\/  ___)| |_)| | | | | || (_| |  ) ) ) )
  '  |____| .__|_| |_|_| |_\__, | / / / /
 =========|_|==============|___/=/_/_/_/
 :: Spring Boot ::        (v2.1.7.RELEASE)

2020-10-12 22:38:49.011  INFO 28624 --- [    Test worker] c.l.springboot.web.HelloControllerTest   : Starting HelloControllerTest on DESKTOP-M0J1AK4 with PID 28624 (started by DAHYE HAN in C:\workspace)
2020-10-12 22:38:49.012  INFO 28624 --- [    Test worker] c.l.springboot.web.HelloControllerTest   : The following profiles are active: oauth
2020-10-12 22:38:49.977  INFO 28624 --- [    Test worker] o.s.s.concurrent.ThreadPoolTaskExecutor  : Initializing ExecutorService 'applicationTaskExecutor'
2020-10-12 22:38:50.057  INFO 28624 --- [    Test worker] o.s.b.a.w.s.WelcomePageHandlerMapping    : Adding welcome page template: index
2020-10-12 22:38:50.569  INFO 28624 --- [    Test worker] .s.s.UserDetailsServiceAutoConfiguration : 

Using generated security password: a21b59af-4f20-4109-ae91-59b38f5e9811

2020-10-12 22:38:50.930  INFO 28624 --- [    Test worker] o.s.s.web.DefaultSecurityFilterChain     : Creating filter chain: any request, [org.springframework.security.web.context.request.async.WebAsyncManagerIntegrationFilter@3bbe5d10, org.springframework.security.web.context.SecurityContextPersistenceFilter@5d1802db, org.springframework.security.web.header.HeaderWriterFilter@63dd11f7, org.springframework.security.web.csrf.CsrfFilter@2c85b060, org.springframework.security.web.authentication.logout.LogoutFilter@21de6e25, org.springframework.security.web.authentication.UsernamePasswordAuthenticationFilter@14b237d5, org.springframework.security.web.authentication.ui.DefaultLoginPageGeneratingFilter@78ced9b0, org.springframework.security.web.authentication.ui.DefaultLogoutPageGeneratingFilter@5ece8c97, org.springframework.security.web.authentication.www.BasicAuthenticationFilter@1fb90a64, org.springframework.security.web.savedrequest.RequestCacheAwareFilter@44a07882, org.springframework.security.web.servletapi.SecurityContextHolderAwareRequestFilter@4ff98b48, org.springframework.security.web.authentication.AnonymousAuthenticationFilter@9735700, org.springframework.security.web.session.SessionManagementFilter@62dabb5c, org.springframework.security.web.access.ExceptionTranslationFilter@3da490ba, org.springframework.security.web.access.intercept.FilterSecurityInterceptor@22506ff0]
2020-10-12 22:38:50.970  INFO 28624 --- [    Test worker] o.s.b.t.m.w.SpringBootMockServletContext : Initializing Spring TestDispatcherServlet ''
2020-10-12 22:38:50.970  INFO 28624 --- [    Test worker] o.s.t.web.servlet.TestDispatcherServlet  : Initializing Servlet ''
2020-10-12 22:38:50.977  INFO 28624 --- [    Test worker] o.s.t.web.servlet.TestDispatcherServlet  : Completed initialization in 7 ms
2020-10-12 22:38:51.057  INFO 28624 --- [    Test worker] c.l.springboot.web.HelloControllerTest   : Started HelloControllerTest in 2.154 seconds (JVM running for 26.458)
]]></system-out>
  <system-err><![CDATA[]]></system-err>
</testsuite>
