<?xml version="1.0" encoding="UTF-8"?>
<testsuite name="com.leebe.springboot.web.domain.posts.PostsRepositoryTest" tests="2" skipped="0" failures="0" errors="0" timestamp="2020-10-17T07:07:47" hostname="DESKTOP-M0J1AK4" time="0.576">
  <properties/>
  <testcase name="게시글저장_불러오기" classname="com.leebe.springboot.web.domain.posts.PostsRepositoryTest" time="0.56"/>
  <testcase name="BaseTimeEntity_등록" classname="com.leebe.springboot.web.domain.posts.PostsRepositoryTest" time="0.016"/>
  <system-out><![CDATA[16:07:34.502 [Test worker] DEBUG org.springframework.test.context.junit4.SpringJUnit4ClassRunner - SpringJUnit4ClassRunner constructor called with [class com.leebe.springboot.web.domain.posts.PostsRepositoryTest]
16:07:34.514 [Test worker] DEBUG org.springframework.test.context.BootstrapUtils - Instantiating CacheAwareContextLoaderDelegate from class [org.springframework.test.context.cache.DefaultCacheAwareContextLoaderDelegate]
16:07:34.531 [Test worker] DEBUG org.springframework.test.context.BootstrapUtils - Instantiating BootstrapContext using constructor [public org.springframework.test.context.support.DefaultBootstrapContext(java.lang.Class,org.springframework.test.context.CacheAwareContextLoaderDelegate)]
16:07:34.584 [Test worker] DEBUG org.springframework.test.context.BootstrapUtils - Instantiating TestContextBootstrapper for test class [com.leebe.springboot.web.domain.posts.PostsRepositoryTest] from class [org.springframework.boot.test.context.SpringBootTestContextBootstrapper]
16:07:34.609 [Test worker] INFO org.springframework.boot.test.context.SpringBootTestContextBootstrapper - Neither @ContextConfiguration nor @ContextHierarchy found for test class [com.leebe.springboot.web.domain.posts.PostsRepositoryTest], using SpringBootContextLoader
16:07:34.614 [Test worker] DEBUG org.springframework.test.context.support.AbstractContextLoader - Did not detect default resource location for test class [com.leebe.springboot.web.domain.posts.PostsRepositoryTest]: class path resource [com/leebe/springboot/web/domain/posts/PostsRepositoryTest-context.xml] does not exist
16:07:34.615 [Test worker] DEBUG org.springframework.test.context.support.AbstractContextLoader - Did not detect default resource location for test class [com.leebe.springboot.web.domain.posts.PostsRepositoryTest]: class path resource [com/leebe/springboot/web/domain/posts/PostsRepositoryTestContext.groovy] does not exist
16:07:34.615 [Test worker] INFO org.springframework.test.context.support.AbstractContextLoader - Could not detect default resource locations for test class [com.leebe.springboot.web.domain.posts.PostsRepositoryTest]: no resource found for suffixes {-context.xml, Context.groovy}.
16:07:34.617 [Test worker] INFO org.springframework.test.context.support.AnnotationConfigContextLoaderUtils - Could not detect default configuration classes for test class [com.leebe.springboot.web.domain.posts.PostsRepositoryTest]: PostsRepositoryTest does not declare any static, non-private, non-final, nested classes annotated with @Configuration.
16:07:34.694 [Test worker] DEBUG org.springframework.test.context.support.ActiveProfilesUtils - Could not find an 'annotation declaring class' for annotation type [org.springframework.test.context.ActiveProfiles] and class [com.leebe.springboot.web.domain.posts.PostsRepositoryTest]
16:07:34.871 [Test worker] DEBUG org.springframework.context.annotation.ClassPathScanningCandidateComponentProvider - Identified candidate component class: file [C:\workspace\build\classes\java\main\com\leebe\springboot\Application.class]
16:07:34.873 [Test worker] INFO org.springframework.boot.test.context.SpringBootTestContextBootstrapper - Found @SpringBootConfiguration com.leebe.springboot.Application for test class com.leebe.springboot.web.domain.posts.PostsRepositoryTest
16:07:35.051 [Test worker] DEBUG org.springframework.boot.test.context.SpringBootTestContextBootstrapper - @TestExecutionListeners is not present for class [com.leebe.springboot.web.domain.posts.PostsRepositoryTest]: using defaults.
16:07:35.052 [Test worker] INFO org.springframework.boot.test.context.SpringBootTestContextBootstrapper - Loaded default TestExecutionListener class names from location [META-INF/spring.factories]: [org.springframework.security.test.context.support.WithSecurityContextTestExecutionListener, org.springframework.security.test.context.support.ReactorContextTestExecutionListener, org.springframework.boot.test.autoconfigure.restdocs.RestDocsTestExecutionListener, org.springframework.boot.test.autoconfigure.web.client.MockRestServiceServerResetTestExecutionListener, org.springframework.boot.test.autoconfigure.web.servlet.MockMvcPrintOnlyOnFailureTestExecutionListener, org.springframework.boot.test.autoconfigure.web.servlet.WebDriverTestExecutionListener, org.springframework.boot.test.mock.mockito.MockitoTestExecutionListener, org.springframework.boot.test.mock.mockito.ResetMocksTestExecutionListener, org.springframework.test.context.web.ServletTestExecutionListener, org.springframework.test.context.support.DirtiesContextBeforeModesTestExecutionListener, org.springframework.test.context.support.DependencyInjectionTestExecutionListener, org.springframework.test.context.support.DirtiesContextTestExecutionListener, org.springframework.test.context.transaction.TransactionalTestExecutionListener, org.springframework.test.context.jdbc.SqlScriptsTestExecutionListener]
16:07:35.093 [Test worker] INFO org.springframework.boot.test.context.SpringBootTestContextBootstrapper - Using TestExecutionListeners: [org.springframework.test.context.web.ServletTestExecutionListener@5b5370d4, org.springframework.test.context.support.DirtiesContextBeforeModesTestExecutionListener@1d923ff5, org.springframework.boot.test.mock.mockito.MockitoTestExecutionListener@546962f2, org.springframework.boot.test.autoconfigure.SpringBootDependencyInjectionTestExecutionListener@111467f2, org.springframework.test.context.support.DirtiesContextTestExecutionListener@510170d4, org.springframework.test.context.transaction.TransactionalTestExecutionListener@5de08096, org.springframework.test.context.jdbc.SqlScriptsTestExecutionListener@4201172a, org.springframework.security.test.context.support.WithSecurityContextTestExecutionListener@7018c36f, org.springframework.security.test.context.support.ReactorContextTestExecutionListener@2ac59a68, org.springframework.boot.test.autoconfigure.restdocs.RestDocsTestExecutionListener@73f84b96, org.springframework.boot.test.autoconfigure.web.client.MockRestServiceServerResetTestExecutionListener@390aaa84, org.springframework.boot.test.autoconfigure.web.servlet.MockMvcPrintOnlyOnFailureTestExecutionListener@fbf0571, org.springframework.boot.test.autoconfigure.web.servlet.WebDriverTestExecutionListener@9afc834, org.springframework.boot.test.mock.mockito.ResetMocksTestExecutionListener@383a966c]
16:07:35.098 [Test worker] DEBUG org.springframework.test.annotation.ProfileValueUtils - Retrieved @ProfileValueSourceConfiguration [null] for test class [com.leebe.springboot.web.domain.posts.PostsRepositoryTest]
16:07:35.098 [Test worker] DEBUG org.springframework.test.annotation.ProfileValueUtils - Retrieved ProfileValueSource type [class org.springframework.test.annotation.SystemProfileValueSource] for class [com.leebe.springboot.web.domain.posts.PostsRepositoryTest]
16:07:35.099 [Test worker] DEBUG org.springframework.test.annotation.ProfileValueUtils - Retrieved @ProfileValueSourceConfiguration [null] for test class [com.leebe.springboot.web.domain.posts.PostsRepositoryTest]
16:07:35.100 [Test worker] DEBUG org.springframework.test.annotation.ProfileValueUtils - Retrieved ProfileValueSource type [class org.springframework.test.annotation.SystemProfileValueSource] for class [com.leebe.springboot.web.domain.posts.PostsRepositoryTest]
16:07:35.106 [Test worker] DEBUG org.springframework.test.context.support.AbstractDirtiesContextTestExecutionListener - Before test class: context [DefaultTestContext@2cfead85 testClass = PostsRepositoryTest, testInstance = [null], testMethod = [null], testException = [null], mergedContextConfiguration = [WebMergedContextConfiguration@443359e9 testClass = PostsRepositoryTest, locations = '{}', classes = '{class com.leebe.springboot.Application}', contextInitializerClasses = '[]', activeProfiles = '{}', propertySourceLocations = '{}', propertySourceProperties = '{org.springframework.boot.test.context.SpringBootTestContextBootstrapper=true}', contextCustomizers = set[org.springframework.boot.test.autoconfigure.properties.PropertyMappingContextCustomizer@0, org.springframework.boot.test.autoconfigure.web.servlet.WebDriverContextCustomizerFactory$Customizer@3edf534a, org.springframework.boot.test.context.filter.ExcludeFilterContextCustomizer@36fb95e7, org.springframework.boot.test.json.DuplicateJsonObjectContextCustomizerFactory$DuplicateJsonObjectContextCustomizer@7f6808b0, org.springframework.boot.test.mock.mockito.MockitoContextCustomizer@0, org.springframework.boot.test.web.client.TestRestTemplateContextCustomizer@cf2dcf8], resourceBasePath = 'src/main/webapp', contextLoader = 'org.springframework.boot.test.context.SpringBootContextLoader', parent = [null]], attributes = map['org.springframework.test.context.web.ServletTestExecutionListener.activateListener' -> true]], class annotated with @DirtiesContext [false] with mode [null].
16:07:35.108 [Test worker] DEBUG org.springframework.test.annotation.ProfileValueUtils - Retrieved @ProfileValueSourceConfiguration [null] for test class [com.leebe.springboot.web.domain.posts.PostsRepositoryTest]
16:07:35.108 [Test worker] DEBUG org.springframework.test.annotation.ProfileValueUtils - Retrieved ProfileValueSource type [class org.springframework.test.annotation.SystemProfileValueSource] for class [com.leebe.springboot.web.domain.posts.PostsRepositoryTest]
16:07:35.149 [Test worker] DEBUG org.springframework.test.context.support.TestPropertySourceUtils - Adding inlined properties to environment: {spring.jmx.enabled=false, org.springframework.boot.test.context.SpringBootTestContextBootstrapper=true, server.port=-1}

  .   ____          _            __ _ _
 /\\ / ___'_ __ _ _(_)_ __  __ _ \ \ \ \
( ( )\___ | '_ | '_| | '_ \/ _` | \ \ \ \
 \\/  ___)| |_)| | | | | || (_| |  ) ) ) )
  '  |____| .__|_| |_|_| |_\__, | / / / /
 =========|_|==============|___/=/_/_/_/
 :: Spring Boot ::        (v2.1.7.RELEASE)

2020-10-17 16:07:35.695  INFO 21832 --- [    Test worker] c.l.s.w.d.posts.PostsRepositoryTest      : Starting PostsRepositoryTest on DESKTOP-M0J1AK4 with PID 21832 (started by DAHYE HAN in C:\workspace)
2020-10-17 16:07:35.697  INFO 21832 --- [    Test worker] c.l.s.w.d.posts.PostsRepositoryTest      : The following profiles are active: oauth
2020-10-17 16:07:37.318  INFO 21832 --- [    Test worker] .s.d.r.c.RepositoryConfigurationDelegate : Bootstrapping Spring Data repositories in DEFAULT mode.
2020-10-17 16:07:37.451  INFO 21832 --- [    Test worker] .s.d.r.c.RepositoryConfigurationDelegate : Finished Spring Data repository scanning in 118ms. Found 2 repository interfaces.
2020-10-17 16:07:38.239  INFO 21832 --- [    Test worker] trationDelegate$BeanPostProcessorChecker : Bean 'org.springframework.transaction.annotation.ProxyTransactionManagementConfiguration' of type [org.springframework.transaction.annotation.ProxyTransactionManagementConfiguration$$EnhancerBySpringCGLIB$$73ca8c45] is not eligible for getting processed by all BeanPostProcessors (for example: not eligible for auto-proxying)
2020-10-17 16:07:38.679  INFO 21832 --- [    Test worker] com.zaxxer.hikari.HikariDataSource       : HikariPool-1 - Starting...
2020-10-17 16:07:38.948  INFO 21832 --- [    Test worker] com.zaxxer.hikari.HikariDataSource       : HikariPool-1 - Start completed.
2020-10-17 16:07:39.131  INFO 21832 --- [    Test worker] o.hibernate.jpa.internal.util.LogHelper  : HHH000204: Processing PersistenceUnitInfo [
	name: default
	...]
2020-10-17 16:07:39.293  INFO 21832 --- [    Test worker] org.hibernate.Version                    : HHH000412: Hibernate Core {5.3.10.Final}
2020-10-17 16:07:39.297  INFO 21832 --- [    Test worker] org.hibernate.cfg.Environment            : HHH000206: hibernate.properties not found
2020-10-17 16:07:39.635  INFO 21832 --- [    Test worker] o.hibernate.annotations.common.Version   : HCANN000001: Hibernate Commons Annotations {5.0.4.Final}
2020-10-17 16:07:40.010  INFO 21832 --- [    Test worker] org.hibernate.dialect.Dialect            : HHH000400: Using dialect: org.hibernate.dialect.MySQL5InnoDBDialect
Hibernate: drop table if exists posts
Hibernate: drop table if exists user
Hibernate: create table posts (id bigint not null auto_increment, created_date datetime, modified_date datetime, author varchar(255), content TEXT not null, title varchar(500) not null, primary key (id)) engine=InnoDB
Hibernate: create table user (id bigint not null auto_increment, created_date datetime, modified_date datetime, email varchar(255) not null, name varchar(255) not null, picture varchar(255), role varchar(255) not null, primary key (id)) engine=InnoDB
2020-10-17 16:07:41.443  INFO 21832 --- [    Test worker] o.h.t.schema.internal.SchemaCreatorImpl  : HHH000476: Executing import script 'org.hibernate.tool.schema.internal.exec.ScriptSourceInputNonExistentImpl@57f8f467'
2020-10-17 16:07:41.449  INFO 21832 --- [    Test worker] j.LocalContainerEntityManagerFactoryBean : Initialized JPA EntityManagerFactory for persistence unit 'default'
2020-10-17 16:07:42.672  INFO 21832 --- [    Test worker] o.h.h.i.QueryTranslatorFactoryInitiator  : HHH000397: Using ASTQueryTranslatorFactory
2020-10-17 16:07:44.324  INFO 21832 --- [    Test worker] o.s.s.web.DefaultSecurityFilterChain     : Creating filter chain: any request, [org.springframework.security.web.context.request.async.WebAsyncManagerIntegrationFilter@69ed0dbf, org.springframework.security.web.context.SecurityContextPersistenceFilter@5535cfbf, org.springframework.security.web.header.HeaderWriterFilter@5da2cf5a, org.springframework.security.web.authentication.logout.LogoutFilter@39e7b0a3, org.springframework.security.oauth2.client.web.OAuth2AuthorizationRequestRedirectFilter@13faf2e2, org.springframework.security.oauth2.client.web.OAuth2LoginAuthenticationFilter@110b07fb, org.springframework.security.web.authentication.ui.DefaultLoginPageGeneratingFilter@390fee94, org.springframework.security.web.authentication.ui.DefaultLogoutPageGeneratingFilter@48605999, org.springframework.security.web.savedrequest.RequestCacheAwareFilter@17789493, org.springframework.security.web.servletapi.SecurityContextHolderAwareRequestFilter@2fa4126f, org.springframework.security.web.authentication.AnonymousAuthenticationFilter@6d5d2ca1, org.springframework.security.web.session.SessionManagementFilter@173910a2, org.springframework.security.web.access.ExceptionTranslationFilter@5dba09a, org.springframework.security.web.access.intercept.FilterSecurityInterceptor@3c67ff15]
2020-10-17 16:07:45.727  INFO 21832 --- [    Test worker] o.s.s.concurrent.ThreadPoolTaskExecutor  : Initializing ExecutorService 'applicationTaskExecutor'
2020-10-17 16:07:45.865  WARN 21832 --- [    Test worker] aWebConfiguration$JpaWebMvcConfiguration : spring.jpa.open-in-view is enabled by default. Therefore, database queries may be performed during view rendering. Explicitly configure spring.jpa.open-in-view to disable this warning
2020-10-17 16:07:45.984  INFO 21832 --- [    Test worker] o.s.b.a.w.s.WelcomePageHandlerMapping    : Adding welcome page template: index
2020-10-17 16:07:47.437  INFO 21832 --- [    Test worker] s.a.ScheduledAnnotationBeanPostProcessor : No TaskScheduler/ScheduledExecutorService bean found for scheduled processing
2020-10-17 16:07:47.459  INFO 21832 --- [    Test worker] c.l.s.w.d.posts.PostsRepositoryTest      : Started PostsRepositoryTest in 12.294 seconds (JVM running for 14.492)
Hibernate: insert into posts (created_date, modified_date, author, content, title) values (?, ?, ?, ?, ?)
Hibernate: select posts0_.id as id1_0_, posts0_.created_date as created_2_0_, posts0_.modified_date as modified3_0_, posts0_.author as author4_0_, posts0_.content as content5_0_, posts0_.title as title6_0_ from posts posts0_
Hibernate: select posts0_.id as id1_0_, posts0_.created_date as created_2_0_, posts0_.modified_date as modified3_0_, posts0_.author as author4_0_, posts0_.content as content5_0_, posts0_.title as title6_0_ from posts posts0_
Hibernate: delete from posts where id=?
Hibernate: insert into posts (created_date, modified_date, author, content, title) values (?, ?, ?, ?, ?)
Hibernate: select posts0_.id as id1_0_, posts0_.created_date as created_2_0_, posts0_.modified_date as modified3_0_, posts0_.author as author4_0_, posts0_.content as content5_0_, posts0_.title as title6_0_ from posts posts0_
>>>>>>>>>>>>>>> createDate=2020-10-17T16:07:48.064, modifiedDate=2020-10-17T16:07:48.064
Hibernate: select posts0_.id as id1_0_, posts0_.created_date as created_2_0_, posts0_.modified_date as modified3_0_, posts0_.author as author4_0_, posts0_.content as content5_0_, posts0_.title as title6_0_ from posts posts0_
Hibernate: delete from posts where id=?
]]></system-out>
  <system-err><![CDATA[]]></system-err>
</testsuite>
